<?xml version="1.0" encoding="UTF-8"?>
<!-- Generated by org.testng.reporters.JUnitReportReporter -->
<testsuite skipped="0" hostname="DESKTOP-B8SV0AU" name="test.Scenario3" tests="1" failures="0" timestamp="18 Oct 2022 14:10:11 GMT" time="2.572" errors="0">
  <testcase name="scenario3" time="2.572" classname="test.Scenario3"/>
</testsuite> <!-- test.Scenario3 -->
