<?xml version="1.0" encoding="UTF-8"?>
<!-- Generated by org.testng.reporters.JUnitReportReporter -->
<testsuite skipped="0" hostname="DESKTOP-B8SV0AU" name="test.Scenario2" tests="1" failures="0" timestamp="18 Oct 2022 14:10:11 GMT" time="15.655" errors="0">
  <testcase name="scenario2" time="15.655" classname="test.Scenario2"/>
</testsuite> <!-- test.Scenario2 -->
